-------------------- Log Start | Thu Sep 21 02:20:44 2023 --------------------
data_path: /home/briancreekmore/printer_data
is_default_data_path: False
config_file: /home/briancreekmore/printer_data/config/moonraker.conf
startup_warnings: []
verbose: False
debug: False
asyncio_debug: False
is_backup_config: False
is_python_package: True
instance_uuid: d8c9d86b889a4cbdad3f8d540c4182e0
unix_socket_path: /home/briancreekmore/printer_data/comms/moonraker.sock
software_version: v0.8.0-139-g3d9052d
git_branch: master
git_remote: origin
git_repo_url: https://github.com/Arksine/moonraker.git
modified_files: []
unofficial_components: []
log_file: /home/briancreekmore/printer_data/logs/moonraker.log
python_version: 3.9.2 (default, Mar 12 2021, 04:06:34)  [GCC 10.2.1 20210110]

#################### Moonraker Configuration ####################

[server]
host = 0.0.0.0
port = 7125
max_upload_size = 1024
klippy_uds_address = ~/printer_data/comms/klippy.sock

[file_manager]
enable_object_processing = False

[authorization]
cors_domains = 
	https://my.mainsail.xyz
	http://my.mainsail.xyz
	http://*.local
	http://*.lan
trusted_clients = 
	10.0.0.0/8
	127.0.0.0/8
	169.254.0.0/16
	172.16.0.0/12
	192.168.0.0/16
	FE80::/10
	::1/128

[octoprint_compat]

[history]

[announcements]
subscriptions = 
	mainsail

[update_manager]
refresh_interval = 168
enable_auto_refresh = True

[update_manager mainsail]
type = web
channel = stable
repo = mainsail-crew/mainsail
path = ~/mainsail

[update_manager mainsail-config]
type = git_repo
primary_branch = master
path = ~/mainsail-config
origin = https://github.com/mainsail-crew/mainsail-config.git
managed_services = klipper

[update_manager timelapse]
type = git_repo
primary_branch = main
path = ~/moonraker-timelapse
origin = https://github.com/mainsail-crew/moonraker-timelapse.git
managed_services = klipper moonraker

[timelapse]
output_path = ~/timelapse/
ffmpeg_binary_path = /usr/bin/ffmpeg

[update_manager crowsnest]
type = git_repo
path = ~/crowsnest
origin = https://github.com/mainsail-crew/crowsnest.git
managed_services = crowsnest
install_script = tools/pkglist.sh

[update_manager sonar]
type = git_repo
path = ~/sonar
origin = https://github.com/mainsail-crew/sonar.git
primary_branch = main
managed_services = sonar
install_script = tools/install.sh

#################################################################
All Configuration Files:
/home/briancreekmore/printer_data/config/moonraker.conf
#################################################################
Unsafe Shutdown Count: 15

System Info:

***python***
  version: sys.version_info(major=3, minor=9, micro=2, releaselevel='final', serial=0)
  version_string: 3.9.2 (default, Mar 12 2021, 04:06:34)  [GCC 10.2.1 20210110]

***cpu_info***
  cpu_count: 4
  bits: 32bit
  processor: aarch64
  cpu_desc: 
  serial_number: 10000000216c001f
  hardware_desc: BCM2835
  model: Raspberry Pi 4 Model B Rev 1.5
  total_memory: 7819940
  memory_units: kB

***sd_info***
  manufacturer_id: 03
  manufacturer: Sandisk
  oem_id: 5344
  product_name: SR64G
  product_revision: 8.0
  serial_number: afe845f2
  manufacturer_date: 8/2021
  capacity: 59.5 GiB
  total_bytes: 63864569856

***distribution***
  name: Raspbian GNU/Linux 11 (bullseye)
  id: raspbian
  version: 11
  version_parts: {'major': '11', 'minor': '', 'build_number': ''}
  like: debian
  codename: bullseye
  release_info: {'name': 'MainsailOS', 'version_id': '1.2.1', 'codename': 'bullseye', 'id': 'mainsailos'}

***virtualization***
  virt_type: none
  virt_identifier: none

***network***

***canbus***

***Allowed Services***
  klipper_mcu
  webcamd
  MoonCord
  KlipperScreen
  moonraker-telegram-bot
  moonraker-obico
  sonar
  crowsnest
  octoeverywhere
  ratos-configurator

Systemd unit moonraker.service:
unit_name: moonraker.service
is_default: True
manager: systemd
Properties:
**Requires=['network-online.target', 'sysinit.target', 'system.slice']
**After=['basic.target', 'network-online.target', 'systemd-journald.socket', 'system.slice', 'sysinit.target', 'klipper.service']
**SupplementaryGroups=['moonraker-admin']
**EnvironmentFiles=/home/briancreekmore/printer_data/systemd/moonraker.env
**ExecStart=/home/briancreekmore/moonraker-env/bin/python $MOONRAKER_ARGS
**WorkingDirectory=
**FragmentPath=/etc/systemd/system/moonraker.service
**Description=API Server for Klipper SV1
**User=briancreekmore

Systemd unit klipper.service:
unit_name: klipper.service
is_default: True
manager: systemd
Properties:
**Requires=['sysinit.target', 'system.slice', '-.mount']
**After=['basic.target', 'network-online.target', '-.mount', 'klipper-mcu.service', 'systemd-journald.socket', 'system.slice', 'sysinit.target']
**SupplementaryGroups=[]
**EnvironmentFiles=/home/briancreekmore/printer_data/systemd/klipper.env
**ExecStart=/home/briancreekmore/klippy-env/bin/python $KLIPPER_ARGS
**WorkingDirectory=/home/briancreekmore/klipper
**FragmentPath=/etc/systemd/system/klipper.service
**Description=Klipper 3D Printer Firmware SV1
**User=briancreekmore
Git Repo moonraker: Warnings detected:
  Repo has untracked source files: ['moonraker/components/timelapse.py']
Git Repo klipper: No warnings detected
Git Repo mainsail-config: No warnings detected
Git Repo timelapse: No warnings detected
Git Repo sonar: No warnings detected
Klipper Version: v0.11.0-275-g8ef0f7d7
2023-09-21 03:20:44,317 [job_state.py:_status_update()] - Job Started: CE3E3V2_ssr_cover_fotek.gcode
2023-09-21 03:22:01,257 [klippy_connection.py:wait()] - Request 'gcode/script' pending: 60.00 seconds
2023-09-21 03:22:10,068 [klippy_connection.py:_process_status_update()] - Klippy has shutdown
2023-09-21 03:22:10,077 [proc_stats.py:_handle_shutdown()] - 
Moonraker System Usage Statistics:
System Time: 1695262900.171400, Usage: 2.01%, Memory: 26224 kB
System Time: 1695262901.171969, Usage: 2.06%, Memory: 26224 kB
System Time: 1695262902.173777, Usage: 1.99%, Memory: 26224 kB
System Time: 1695262903.174695, Usage: 2.14%, Memory: 26224 kB
System Time: 1695262904.173654, Usage: 2.12%, Memory: 26224 kB
System Time: 1695262905.178341, Usage: 2.09%, Memory: 26224 kB
System Time: 1695262906.176247, Usage: 6.14%, Memory: 26224 kB
System Time: 1695262907.177145, Usage: 2.23%, Memory: 26224 kB
System Time: 1695262908.177654, Usage: 2.21%, Memory: 26224 kB
System Time: 1695262909.178833, Usage: 2.02%, Memory: 26224 kB
System Time: 1695262910.179854, Usage: 1.92%, Memory: 26224 kB
System Time: 1695262911.180575, Usage: 2.05%, Memory: 26228 kB
System Time: 1695262912.183601, Usage: 1.97%, Memory: 26228 kB
System Time: 1695262913.183113, Usage: 2.09%, Memory: 26228 kB
System Time: 1695262914.183579, Usage: 2.24%, Memory: 26228 kB
System Time: 1695262915.184888, Usage: 2.16%, Memory: 26228 kB
System Time: 1695262916.185773, Usage: 5.58%, Memory: 26228 kB
System Time: 1695262917.186875, Usage: 2.09%, Memory: 26228 kB
System Time: 1695262918.187681, Usage: 2.09%, Memory: 26232 kB
System Time: 1695262919.186324, Usage: 1.88%, Memory: 26232 kB
System Time: 1695262920.187149, Usage: 1.16%, Memory: 26232 kB
System Time: 1695262921.187660, Usage: 1.14%, Memory: 26232 kB
System Time: 1695262922.188679, Usage: 1.22%, Memory: 26232 kB
System Time: 1695262923.189984, Usage: 1.13%, Memory: 26232 kB
System Time: 1695262924.192461, Usage: 1.67%, Memory: 26232 kB
System Time: 1695262925.193159, Usage: 2.16%, Memory: 26232 kB
System Time: 1695262926.195581, Usage: 5.33%, Memory: 26232 kB
System Time: 1695262927.198400, Usage: 2.41%, Memory: 26232 kB
System Time: 1695262928.198911, Usage: 2.25%, Memory: 26232 kB
System Time: 1695262929.198661, Usage: 2.22%, Memory: 26232 kB
CPU Temperature: 33.589
2023-09-21 03:22:10,089 [proc_stats.py:_handle_shutdown()] - Throttled Flags: 
2023-09-21 03:30:13,586 [app.py:prepare()] - Upload Request Received from 192.168.1.73
2023-09-21 03:30:13,594 [app.py:post()] - Processing Uploaded File: pico.cfg
2023-09-21 03:30:13,609 [app.py:log_request()] - 201 POST /server/files/upload (192.168.1.73) [_TRUSTED_USER_] 27.15ms
2023-09-21 03:30:25,569 [klippy_connection.py:_on_connection_closed()] - Klippy Connection Removed
2023-09-21 03:30:26,828 [klippy_connection.py:_do_connect()] - Klippy Connection Established
2023-09-21 03:30:31,226 [klippy_connection.py:_request_initial_subscriptions()] - Webhooks Subscribed
2023-09-21 03:30:31,229 [klippy_connection.py:_request_initial_subscriptions()] - GCode Output Subscribed
2023-09-21 03:30:31,477 [job_state.py:_handle_started()] - Job state initialized: standby
2023-09-21 03:30:31,763 [klippy_connection.py:_check_ready()] - Klippy ready
2023-09-21 03:30:32,245 [data_store.py:_init_sensors()] - Configuring available sensors: ['temperature_sensor pico_temp', 'temperature_fan host', 'heater_generic chamber_heater', 'heater_bed', 'extruder']
2023-09-21 03:31:14,605 [job_state.py:_status_update()] - Job Started: CE3E3V2_ssr_cover_fotek.gcode
2023-09-21 03:37:48,954 [job_state.py:_status_update()] - Job Started: CE3E3V2_ssr_cover_fotek.gcode
2023-09-21 03:38:45,610 [job_state.py:_status_update()] - Job Started: CE3E3V2_ssr_cover_fotek.gcode
2023-09-21 03:39:56,210 [klippy_connection.py:wait()] - Request 'gcode/script' pending: 60.00 seconds
